<?xml version="1.0" encoding="UTF-8"?>
<testng-results ignored="0" total="1" passed="1" failed="0" skipped="0">
  <reporter-output>
  </reporter-output>
  <suite started-at="2021-09-23T18:36:15 IST" name="Default suite" finished-at="2021-09-23T18:36:18 IST" duration-ms="3089">
    <groups>
    </groups>
    <test started-at="2021-09-23T18:36:15 IST" name="Default test" finished-at="2021-09-23T18:36:18 IST" duration-ms="3089">
      <class name="com.APITesting.GET_Test01">
        <test-method signature="testcase2()[pri:0, instance:com.APITesting.GET_Test01@1df82230]" started-at="2021-09-23T18:36:15 IST" name="testcase2" finished-at="2021-09-23T18:36:18 IST" duration-ms="3049" status="PASS">
          <reporter-output>
          </reporter-output>
        </test-method> <!-- testcase2 -->
      </class> <!-- com.APITesting.GET_Test01 -->
    </test> <!-- Default test -->
  </suite> <!-- Default suite -->
</testng-results>
