<?xml version="1.0" encoding="UTF-8"?>
<testng-results ignored="0" total="1" passed="1" failed="0" skipped="0">
  <reporter-output>
  </reporter-output>
  <suite started-at="2021-11-10T11:14:04 IST" name="Default suite" finished-at="2021-11-10T11:14:06 IST" duration-ms="2556">
    <groups>
    </groups>
    <test started-at="2021-11-10T11:14:04 IST" name="Default test" finished-at="2021-11-10T11:14:06 IST" duration-ms="2556">
      <class name="testHTTP.SampleTest">
        <test-method signature="getMethod()[pri:0, instance:testHTTP.SampleTest@45b9a632]" started-at="2021-11-10T11:14:04 IST" name="getMethod" finished-at="2021-11-10T11:14:06 IST" duration-ms="2505" status="PASS">
          <reporter-output>
          </reporter-output>
        </test-method> <!-- getMethod -->
      </class> <!-- testHTTP.SampleTest -->
    </test> <!-- Default test -->
  </suite> <!-- Default suite -->
</testng-results>
