<?xml version="1.0" encoding="UTF-8"?>
<testng-results ignored="1" total="2" passed="1" failed="0" skipped="0">
  <reporter-output>
  </reporter-output>
  <suite started-at="2020-11-07T18:58:00 IST" name="Default suite" finished-at="2020-11-07T18:58:03 IST" duration-ms="3055">
    <groups>
    </groups>
    <test started-at="2020-11-07T18:58:00 IST" name="Default test" finished-at="2020-11-07T18:58:03 IST" duration-ms="3055">
      <class name="apitest_Demo.FirstAPI">
        <test-method signature="testBody()[pri:0, instance:apitest_Demo.FirstAPI@ba54932]" started-at="2020-11-07T18:58:00 IST" name="testBody" finished-at="2020-11-07T18:58:03 IST" duration-ms="3024" status="PASS">
          <reporter-output>
          </reporter-output>
        </test-method> <!-- testBody -->
      </class> <!-- apitest_Demo.FirstAPI -->
    </test> <!-- Default test -->
  </suite> <!-- Default suite -->
</testng-results>
